<?xml version="1.0" encoding="UTF-8" ?>
<testsuite failures="0" time="0.036" errors="0" skipped="0" tests="16" name="au.com.satoruTour.businessDelegate.ShoppingCartBusinessDelegateTest">
  <properties>
[...]
</properties>
  <testcase time="0.012" classname="au.com.satoruTour.businessDelegate.ShoppingCartBusinessDelegateTest" name="testThreeBuyManyGetFreeRuleTours"/>
  <testcase time="0.001" classname="au.com.satoruTour.businessDelegate.ShoppingCartBusinessDelegateTest" name="testTwoBuyAnotherGetFreeRuleToursWithThreeTriggeringTours"/>
  <testcase time="0.004" classname="au.com.satoruTour.businessDelegate.ShoppingCartBusinessDelegateTest" name="testTenBuyManyGetFreeRuleTours"/>
  <testcase time="0.001" classname="au.com.satoruTour.businessDelegate.ShoppingCartBusinessDelegateTest" name="testLoadingToursAndPromotionRules"/>
  <testcase time="0" classname="au.com.satoruTour.businessDelegate.ShoppingCartBusinessDelegateTest" name="testNoToursInTheCart"/>
  <testcase time="0.002" classname="au.com.satoruTour.businessDelegate.ShoppingCartBusinessDelegateTest" name="testTwoBuyAnotherGetFreeRuleToursWithNoTriggeringTour"/>
  <testcase time="0.002" classname="au.com.satoruTour.businessDelegate.ShoppingCartBusinessDelegateTest" name="testFourBulkDiscountRuleTours"/>
  <testcase time="0.002" classname="au.com.satoruTour.businessDelegate.ShoppingCartBusinessDelegateTest" name="testSixBulkDiscountRuleTours"/>
  <testcase time="0.001" classname="au.com.satoruTour.businessDelegate.ShoppingCartBusinessDelegateTest" name="testTwoBuyManyGetFreeRuleTours"/>
  <testcase time="0.002" classname="au.com.satoruTour.businessDelegate.ShoppingCartBusinessDelegateTest" name="testTwoBuyAnotherGetFreeRuleToursWithOneTriggeringTour"/>
  <testcase time="0.001" classname="au.com.satoruTour.businessDelegate.ShoppingCartBusinessDelegateTest" name="testRuleCombination1"/>
  <testcase time="0.001" classname="au.com.satoruTour.businessDelegate.ShoppingCartBusinessDelegateTest" name="testRuleCombination2"/>
  <testcase time="0.003" classname="au.com.satoruTour.businessDelegate.ShoppingCartBusinessDelegateTest" name="testRuleCombination3"/>
  <testcase time="0.001" classname="au.com.satoruTour.businessDelegate.ShoppingCartBusinessDelegateTest" name="testTwoBuyAnotherGetFreeRuleToursWithTwoTriggeringTours"/>
  <testcase time="0.001" classname="au.com.satoruTour.businessDelegate.ShoppingCartBusinessDelegateTest" name="testFiveBulkDiscountRuleTours"/>
  <testcase time="0.002" classname="au.com.satoruTour.businessDelegate.ShoppingCartBusinessDelegateTest" name="testFourBuyManyGetFreeRuleTours"/>
</testsuite>